<?xml version="1.0" encoding="UTF-8"?>
<testng-results skipped="0" failed="0" ignored="0" total="2" passed="2">
  <reporter-output>
  </reporter-output>
  <suite name="Default suite" duration-ms="7654" started-at="2022-02-02T03:31:46Z" finished-at="2022-02-02T03:31:54Z">
    <groups>
    </groups>
    <test name="Default test" duration-ms="7654" started-at="2022-02-02T03:31:46Z" finished-at="2022-02-02T03:31:54Z">
      <class name="com.tests.HomePageTest">
        <test-method status="PASS" signature="setUp()[pri:0, instance:com.tests.HomePageTest@4501b7af]" name="setUp" is-config="true" duration-ms="3489" started-at="2022-02-02T03:31:46Z" finished-at="2022-02-02T03:31:49Z">
          <reporter-output>
          </reporter-output>
        </test-method> <!-- setUp -->
        <test-method status="PASS" signature="verifyAboutLinkTest()[pri:0, instance:com.tests.HomePageTest@4501b7af]" name="verifyAboutLinkTest" duration-ms="135" started-at="2022-02-02T03:31:49Z" finished-at="2022-02-02T03:31:50Z">
          <reporter-output>
          </reporter-output>
        </test-method> <!-- verifyAboutLinkTest -->
        <test-method status="PASS" signature="tearDown()[pri:0, instance:com.tests.HomePageTest@4501b7af]" name="tearDown" is-config="true" duration-ms="714" started-at="2022-02-02T03:31:50Z" finished-at="2022-02-02T03:31:50Z">
          <reporter-output>
          </reporter-output>
        </test-method> <!-- tearDown -->
        <test-method status="PASS" signature="setUp()[pri:0, instance:com.tests.HomePageTest@4501b7af]" name="setUp" is-config="true" duration-ms="2548" started-at="2022-02-02T03:31:50Z" finished-at="2022-02-02T03:31:53Z">
          <reporter-output>
          </reporter-output>
        </test-method> <!-- setUp -->
        <test-method status="PASS" signature="verifyHomePageTitleTest()[pri:0, instance:com.tests.HomePageTest@4501b7af]" name="verifyHomePageTitleTest" duration-ms="10" started-at="2022-02-02T03:31:53Z" finished-at="2022-02-02T03:31:53Z">
          <reporter-output>
          </reporter-output>
        </test-method> <!-- verifyHomePageTitleTest -->
        <test-method status="PASS" signature="tearDown()[pri:0, instance:com.tests.HomePageTest@4501b7af]" name="tearDown" is-config="true" duration-ms="723" started-at="2022-02-02T03:31:53Z" finished-at="2022-02-02T03:31:54Z">
          <reporter-output>
          </reporter-output>
        </test-method> <!-- tearDown -->
      </class> <!-- com.tests.HomePageTest -->
    </test> <!-- Default test -->
  </suite> <!-- Default suite -->
</testng-results>
